[debug] [2024-02-26T23:29:17.747Z] ----------------------------------------------------------------------
[debug] [2024-02-26T23:29:17.750Z] Command:       C:\Program Files\nodejs\node.exe C:\Users\Tyler\AppData\Roaming\npm\node_modules\firebase-tools\lib\bin\firebase.js init
[debug] [2024-02-26T23:29:17.750Z] CLI Version:   13.3.1
[debug] [2024-02-26T23:29:17.751Z] Platform:      win32
[debug] [2024-02-26T23:29:17.751Z] Node Version:  v20.11.1
[debug] [2024-02-26T23:29:17.751Z] Time:          Mon Feb 26 2024 16:29:17 GMT-0700 (Mountain Standard Time)
[debug] [2024-02-26T23:29:17.751Z] ----------------------------------------------------------------------
[debug] 
[debug] [2024-02-26T23:29:17.760Z] > command requires scopes: ["email","openid","https://www.googleapis.com/auth/cloudplatformprojects.readonly","https://www.googleapis.com/auth/firebase","https://www.googleapis.com/auth/cloud-platform"]
[debug] [2024-02-26T23:29:17.760Z] > authorizing via signed-in user (tylertran1017@gmail.com)
[info] 
     ######## #### ########  ######## ########     ###     ######  ########
     ##        ##  ##     ## ##       ##     ##  ##   ##  ##       ##
     ######    ##  ########  ######   ########  #########  ######  ######
     ##        ##  ##    ##  ##       ##     ## ##     ##       ## ##
     ##       #### ##     ## ######## ########  ##     ##  ######  ########

You're about to initialize a Firebase project in this directory:

  C:\Users\Tyler\Documents\Code\Firebase-Tailwind\firebase

[info] 
=== Project Setup
[info] 
[info] First, let's associate this project directory with a Firebase project.
[info] You can create multiple project aliases by running firebase use --add, 
[info] but for now we'll just set up a default project.
[info] 
[debug] [2024-02-26T23:30:11.298Z] >>> [apiv2][query] GET https://firebase.googleapis.com/v1beta1/projects pageSize=100
[debug] [2024-02-26T23:30:11.814Z] <<< [apiv2][status] GET https://firebase.googleapis.com/v1beta1/projects 200
[debug] [2024-02-26T23:30:11.814Z] <<< [apiv2][body] GET https://firebase.googleapis.com/v1beta1/projects [omitted]
[info] i  Using project fir-course-326a7 (firebase-course) 
[info] 
=== Hosting Setup
[debug] [2024-02-26T23:30:17.850Z] >>> [apiv2][query] GET https://firebase.googleapis.com/v1beta1/projects/fir-course-326a7 [none]
[debug] [2024-02-26T23:30:18.073Z] <<< [apiv2][status] GET https://firebase.googleapis.com/v1beta1/projects/fir-course-326a7 200
[debug] [2024-02-26T23:30:18.073Z] <<< [apiv2][body] GET https://firebase.googleapis.com/v1beta1/projects/fir-course-326a7 {"projectId":"fir-course-326a7","projectNumber":"1073598802491","displayName":"firebase-course","name":"projects/fir-course-326a7","resources":{"hostingSite":"fir-course-326a7","storageBucket":"fir-course-326a7.appspot.com","locationId":"us-central"},"state":"ACTIVE","etag":"1_ee680953-9ae6-4ab6-8a97-c5709d67b5db"}
[info] 
[info] Your public directory is the folder (relative to your project directory) that
[info] will contain Hosting assets to be uploaded with firebase deploy. If you
[info] have a build process for your assets, use your build's output directory.
[info] 
[info] +  Wrote public/404.html 
[debug] [2024-02-26T23:31:03.212Z] >>> [apiv2][query] GET https://www.gstatic.com/firebasejs/releases.json [none]
[debug] [2024-02-26T23:31:03.377Z] <<< [apiv2][status] GET https://www.gstatic.com/firebasejs/releases.json 200
[debug] [2024-02-26T23:31:03.377Z] <<< [apiv2][body] GET https://www.gstatic.com/firebasejs/releases.json {"current":{"version":"10.8.0","browserURL":"https://www.gstatic.com/firebasejs/10.8.0/firebase.js","packageURL":"https://www.gstatic.com/firebasejs/10.8.0/firebase.tgz"},"live":{"version":"10.8","browserURL":"https://www.gstatic.com/firebasejs/live/10.8/firebase.js","packageURL":"https://www.gstatic.com/firebasejs/live/10.8/firebase.tgz"},"components":{"analytics":"https://www.gstatic.com/firebasejs/10.8.0/firebase-analytics.js","app":"https://www.gstatic.com/firebasejs/10.8.0/firebase-app.js","app-check":"https://www.gstatic.com/firebasejs/10.8.0/firebase-app-check.js","auth":"https://www.gstatic.com/firebasejs/10.8.0/firebase-auth.js","auth/cordova":"https://www.gstatic.com/firebasejs/10.8.0/firebase-auth/cordova.js","auth/web-extension":"https://www.gstatic.com/firebasejs/10.8.0/firebase-auth/web-extension.js","functions":"https://www.gstatic.com/firebasejs/10.8.0/firebase-functions.js","firestore":"https://www.gstatic.com/firebasejs/10.8.0/firebase-firestore.js","firestore/lite":"https://www.gstatic.com/firebasejs/10.8.0/firebase-firestore/lite.js","installations":"https://www.gstatic.com/firebasejs/10.8.0/firebase-installations.js","storage":"https://www.gstatic.com/firebasejs/10.8.0/firebase-storage.js","performance":"https://www.gstatic.com/firebasejs/10.8.0/firebase-performance.js","remote-config":"https://www.gstatic.com/firebasejs/10.8.0/firebase-remote-config.js","messaging":"https://www.gstatic.com/firebasejs/10.8.0/firebase-messaging.js","messaging/sw":"https://www.gstatic.com/firebasejs/10.8.0/firebase-messaging/sw.js","database":"https://www.gstatic.com/firebasejs/10.8.0/firebase-database.js","firestore.memory":"https://www.gstatic.com/firebasejs/10.8.0/firebase-firestore.memory.js"}}
[info] i  Skipping write of public/index.html 
[info] 
[info] i  Detected a .git folder at C:\Users\Tyler\Documents\Code\Firebase-Tailwind\firebase 
[info] i  Authorizing with GitHub to upload your service account to a GitHub repository's secrets store. 
[info] 
[info] Visit this URL on this device to log in:
[info] https://github.com/login/oauth/authorize?client_id=89cf50f02ac6aaed3484&state=191892391&redirect_uri=http%3A%2F%2Flocalhost%3A9005&scope=read%3Auser%20repo%20public_repo
[info] 
[info] Waiting for authentication...
[debug] [2024-02-26T23:32:02.960Z] >>> [apiv2][query] POST https://github.com/login/oauth/access_token [none]
[debug] [2024-02-26T23:32:02.961Z] >>> [apiv2][body] POST https://github.com/login/oauth/access_token [stream]
[debug] [2024-02-26T23:32:03.331Z] <<< [apiv2][status] POST https://github.com/login/oauth/access_token 200
[debug] [2024-02-26T23:32:03.331Z] <<< [apiv2][body] POST https://github.com/login/oauth/access_token {"access_token":"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","token_type":"bearer","scope":"read:user,repo"}
[debug] [2024-02-26T23:32:03.337Z] >>> [apiv2][query] GET https://api.github.com/user [none]
[debug] [2024-02-26T23:32:03.695Z] <<< [apiv2][status] GET https://api.github.com/user 200
[debug] [2024-02-26T23:32:03.695Z] <<< [apiv2][body] GET https://api.github.com/user {"login":"ttran1017","id":19628542,"node_id":"MDQ6VXNlcjE5NjI4NTQy","avatar_url":"https://avatars.githubusercontent.com/u/19628542?v=4","gravatar_id":"","url":"https://api.github.com/users/ttran1017","html_url":"https://github.com/ttran1017","followers_url":"https://api.github.com/users/ttran1017/followers","following_url":"https://api.github.com/users/ttran1017/following{/other_user}","gists_url":"https://api.github.com/users/ttran1017/gists{/gist_id}","starred_url":"https://api.github.com/users/ttran1017/starred{/owner}{/repo}","subscriptions_url":"https://api.github.com/users/ttran1017/subscriptions","organizations_url":"https://api.github.com/users/ttran1017/orgs","repos_url":"https://api.github.com/users/ttran1017/repos","events_url":"https://api.github.com/users/ttran1017/events{/privacy}","received_events_url":"https://api.github.com/users/ttran1017/received_events","type":"User","site_admin":false,"name":"Tyler Tran","company":null,"blog":"","location":null,"email":null,"hireable":null,"bio":null,"twitter_username":null,"public_repos":4,"public_gists":0,"followers":0,"following":1,"created_at":"2016-05-28T23:13:10Z","updated_at":"2024-01-26T23:42:53Z","private_gists":0,"total_private_repos":0,"owned_private_repos":0,"disk_usage":30388,"collaborators":0,"two_factor_authentication":true,"plan":{"name":"free","space":976562499,"collaborators":0,"private_repos":10000}}
[info] 
[info] +  Success! Logged into GitHub as ttran1017 
[info] 
